<?xml version="1.0" encoding="UTF-8"?>
<!-- Generated by org.testng.reporters.JUnitXMLReporter -->
<testsuite ignored="1" hostname="DESKTOP-681KQAE" failures="0" tests="2" name="Default test" time="25.039" errors="0" timestamp="2023-10-02T13:01:22 IST">
  <testcase classname="rahulShettyAcademy.pageObjects.StandAloneTestRef" name="submitOrder" time="10.77"/>
  <testcase classname="rahulShettyAcademy.pageObjects.StandAloneTestRef" name="submitOrder" time="10.096"/>
  <testcase classname="rahulShettyAcademy.pageObjects.StandAloneTestRef" name="orderHistoryTest" time="0.0">
    <ignored/>
  </testcase> <!-- orderHistoryTest -->
</testsuite> <!-- Default test -->
